2023.12.23 14:17:42 INFO  Started: Metals version 1.2.0 in folders '/home/irodotos/Transactional-Key-Value-Store' for client Visual Studio Code 1.85.1.
2023.12.23 14:17:43 WARN  Build server is not auto-connectable.
2023.12.23 14:17:43 WARN  no build tool detected in workspace '/home/irodotos/Transactional-Key-Value-Store'. The most common cause for this problem is that the editor was opened in the wrong working directory, for example if you use sbt then the workspace directory should contain build.sbt. 
2023.12.23 14:17:43 WARN  no build target for: /home/irodotos/Transactional-Key-Value-Store/servers/main.scala
2023.12.23 14:18:00 INFO  no build target found for /home/irodotos/Transactional-Key-Value-Store/servers/main.scala. Using presentation compiler with project's scala-library version: 3.3.1
2023.12.23 14:18:01 WARN  Could not find semantic tokens for: file:///home/irodotos/Transactional-Key-Value-Store/servers/main.scala
2023.12.23 14:18:01 INFO  time: code lens generation in 18s
2023.12.23 14:19:00 WARN  Could not find semantic tokens for: file:///home/irodotos/Transactional-Key-Value-Store/servers/main.scala
2023.12.23 15:12:25 INFO  Shutting down server
2023.12.23 15:12:25 INFO  shutting down Metals
2023.12.23 15:12:25 INFO  Exiting server
2023.12.30 00:17:46 INFO  Started: Metals version 1.2.0 in folders '/home/irodotos/Transactional-Key-Value-Store' for client Visual Studio Code 1.85.1.
2023.12.30 00:17:47 WARN  Build server is not auto-connectable.
2023.12.30 00:17:47 WARN  no build target for: /home/irodotos/Transactional-Key-Value-Store/servers/build.sbt
2023.12.30 00:17:49 INFO  no build target found for /home/irodotos/Transactional-Key-Value-Store/servers/build.sbt. Using presentation compiler with project's scala-library version: 3.3.1
2023.12.30 00:17:50 INFO  time: code lens generation in 3.31s
2023.12.30 00:18:11 WARN  no build target for: /home/irodotos/Transactional-Key-Value-Store/servers/src/main/scala/com/example/JsonFormats.scala
2023.12.30 00:18:12 WARN  no build target for: /home/irodotos/Transactional-Key-Value-Store/servers/src/main/scala/com/example/QuickstartApp.scala
2023.12.30 00:18:12 WARN  no build target for: /home/irodotos/Transactional-Key-Value-Store/servers/src/main/scala/com/example/UserRegistry.scala
2023.12.30 00:18:14 WARN  no build target for: /home/irodotos/Transactional-Key-Value-Store/servers/src/main/scala/com/example/UserRoutes.scala
2023.12.30 00:18:17 WARN  no build target for: /home/irodotos/Transactional-Key-Value-Store/servers/src/main/scala/com/example/QuickstartApp.scala
2023.12.30 01:51:41 INFO  Shutting down server
2023.12.30 01:51:41 INFO  shutting down Metals
2023.12.30 01:51:41 INFO  Exiting server
2023.12.30 15:04:31 INFO  Started: Metals version 1.2.0 in folders '/home/irodotos/Transactional-Key-Value-Store' for client Visual Studio Code 1.85.1.[0m
2023.12.30 15:04:31 WARN  Build server is not auto-connectable.[0m
2023.12.30 15:04:31 WARN  no build target for: /home/irodotos/Transactional-Key-Value-Store/servers/src/main/scala/com/example/QuickstartApp.scala[0m
2023.12.30 15:04:33 INFO  no build target found for /home/irodotos/Transactional-Key-Value-Store/servers/src/main/scala/com/example/QuickstartApp.scala. Using presentation compiler with project's scala-library version: 3.3.1[0m
2023.12.30 15:04:34 INFO  time: code lens generation in 2.48s[0m
2023.12.30 15:04:38 WARN  no build target for: /home/irodotos/Transactional-Key-Value-Store/servers/src/main/scala/com/example/QuickstartApp.scala[0m
2023.12.30 15:04:59 WARN  no build target for: /home/irodotos/Transactional-Key-Value-Store/servers/src/main/scala/com/example/QuickstartApp.scala[0m
2023.12.30 15:49:58 WARN  no build target for: /home/irodotos/Transactional-Key-Value-Store/servers/src/main/scala/com/example/QuickstartApp.scala[0m
Dec 30, 2023 3:50:27 PM org.eclipse.lsp4j.jsonrpc.RemoteEndpoint handleCancellation
WARNING: Unmatched cancel notification for request id 55
2023.12.30 15:54:27 WARN  no build target for: /home/irodotos/Transactional-Key-Value-Store/servers/src/main/scala/com/example/JsonFormats.scala[0m
2023.12.30 15:54:29 WARN  no build target for: /home/irodotos/Transactional-Key-Value-Store/servers/src/main/scala/com/example/UserRegistry.scala[0m
2023.12.30 15:55:39 WARN  no build target for: /home/irodotos/Transactional-Key-Value-Store/servers/src/main/scala/com/example/UserRoutes.scala[0m
2023.12.30 17:20:54 WARN  no build target for: /home/irodotos/Transactional-Key-Value-Store/servers/src/main/scala/com/example/UserRoutes.scala[0m
2023.12.30 19:38:14 INFO  Shutting down server[0m
2023.12.30 19:38:14 INFO  shutting down Metals[0m
2023.12.30 19:38:14 INFO  Exiting server[0m
2024.01.01 13:02:49 INFO  Started: Metals version 1.2.0 in folders '/home/irodotos/Transactional-Key-Value-Store' for client Visual Studio Code 1.85.1.[0m
2024.01.01 13:02:50 WARN  Build server is not auto-connectable.[0m
2024.01.01 13:02:50 WARN  no build target for: /home/irodotos/Transactional-Key-Value-Store/servers/build.sbt[0m
2024.01.01 13:02:53 INFO  no build target found for /home/irodotos/Transactional-Key-Value-Store/servers/build.sbt. Using presentation compiler with project's scala-library version: 3.3.1[0m
2024.01.01 13:02:54 INFO  time: code lens generation in 4.52s[0m
2024.01.13 23:09:50 INFO  Started: Metals version 1.2.0 in folders '/home/irodotos/Transactional-Key-Value-Store' for client Visual Studio Code 1.85.1.
2024.01.13 23:09:51 WARN  Build server is not auto-connectable.
2024.01.13 23:09:51 WARN  no build target for: /home/irodotos/Transactional-Key-Value-Store/servers/src/main/scala/com/example/UserRegistry.scala
2024.01.13 23:09:53 INFO  no build target found for /home/irodotos/Transactional-Key-Value-Store/servers/src/main/scala/com/example/UserRegistry.scala. Using presentation compiler with project's scala-library version: 3.3.1
2024.01.13 23:10:08 INFO  running '/usr/lib/jvm/temurin-17-jdk-amd64/bin/java -Djline.terminal=jline.UnsupportedTerminal -Dsbt.log.noformat=true -Dfile.encoding=UTF-8 -jar /tmp/metals1509974749728752411/sbt-launch.jar -Dbloop.export-jar-classifiers=sources bloopInstall'
2024.01.13 23:10:09 INFO  [info] welcome to sbt 1.9.8 (Eclipse Adoptium Java 17.0.9)
2024.01.13 23:10:10 INFO  [info] loading settings for project servers-build-build-build from metals.sbt ...
2024.01.13 23:10:10 INFO  [info] loading project definition from /home/irodotos/Transactional-Key-Value-Store/servers/project/project/project
2024.01.13 23:10:12 INFO  [info] loading settings for project servers-build-build from metals.sbt ...
2024.01.13 23:10:12 INFO  [info] loading project definition from /home/irodotos/Transactional-Key-Value-Store/servers/project/project
2024.01.13 23:10:20 WARN  no build target for: /home/irodotos/Transactional-Key-Value-Store/servers/src/main/scala/com/example/UserRegistry.scala
2024.01.13 23:10:22 WARN  no build target for: /home/irodotos/Transactional-Key-Value-Store/servers/src/main/scala/com/example/UserRegistry.scala
2024.01.13 23:10:31 WARN  no build target for: /home/irodotos/Transactional-Key-Value-Store/servers/src/main/scala/com/example/UserRegistry.scala
2024.01.13 23:10:54 INFO  [success] Generated .bloop/servers-build-build.json
2024.01.13 23:10:54 INFO  [success] Total time: 42 s, completed Jan 13, 2024, 11:10:54 PM
2024.01.13 23:10:54 INFO  [info] loading settings for project servers-build from metals.sbt,plugins.sbt ...
2024.01.13 23:10:54 INFO  [info] loading project definition from /home/irodotos/Transactional-Key-Value-Store/servers/project
2024.01.13 23:10:57 INFO  [success] Generated .bloop/servers-build.json
2024.01.13 23:10:57 INFO  [success] Total time: 2 s, completed Jan 13, 2024, 11:10:57 PM
2024.01.13 23:10:57 INFO  [info] loading settings for project root from build.sbt ...
2024.01.13 23:10:57 INFO  [info] set current project to akka-http-servers (in build file:/home/irodotos/Transactional-Key-Value-Store/servers/)
2024.01.13 23:10:57 INFO  [success] Generated .bloop/root-test.json
2024.01.13 23:10:57 INFO  [success] Generated .bloop/root.json
2024.01.13 23:10:57 INFO  [success] Total time: 0 s, completed Jan 13, 2024, 11:10:58 PM
2024.01.13 23:10:58 INFO  time: ran 'sbt bloopInstall' in 50s
2024.01.13 23:10:58 INFO  Attempting to connect to the build server...
2024.01.13 23:10:58 INFO  Setting up current java home /usr/lib/jvm/temurin-17-jdk-amd64 in /home/irodotos/.bloop/bloop.json
2024.01.13 23:11:04 WARN  no build target for: /home/irodotos/Transactional-Key-Value-Store/servers/src/main/scala/com/example/UserRegistry.scala
2024.01.13 23:11:44 INFO  tracing is disabled for protocol BSP, to enable tracing of incoming and outgoing JSON messages create an empty file at /home/irodotos/Transactional-Key-Value-Store/.metals/bsp.trace.json or /home/irodotos/.cache/metals/bsp.trace.json
2024.01.13 23:12:01 INFO  time: Connected to build server in 1m2s
2024.01.13 23:12:01 INFO  Connected to Build server: Bloop v1.5.13
2024.01.13 23:12:01 INFO  time: Imported build in 0.41s
2024.01.13 23:12:03 INFO  time: indexed workspace in 1.67s
2024.01.14 00:36:27 INFO  compiling root (4 scala sources)
2024.01.14 00:36:30 INFO  compiling root-test (1 scala source)
2024.01.14 00:36:30 INFO  time: compiled root in 3.61s
2024.01.14 00:36:30 INFO  time: compiled root-test in 0.34s
2024.01.14 00:36:36 INFO  Shutting down server
2024.01.14 00:36:36 INFO  shutting down Metals
2024.01.14 00:36:36 INFO  Exiting server
2024.01.14 21:18:41 INFO  Started: Metals version 1.2.0 in folders '/home/irodotos/Transactional-Key-Value-Store' for client Visual Studio Code 1.85.1.[0m
2024.01.14 21:18:41 INFO  Attempting to connect to the build server...[0m
2024.01.14 21:18:41 INFO  skipping build import with status 'Installed'[0m
2024.01.14 21:18:41 INFO  Bloop uses /usr/lib/jvm/temurin-17-jdk-amd64 defined at /home/irodotos/.bloop/bloop.json[0m
2024.01.14 21:18:43 INFO  tracing is disabled for protocol BSP, to enable tracing of incoming and outgoing JSON messages create an empty file at /home/irodotos/Transactional-Key-Value-Store/.metals/bsp.trace.json or /home/irodotos/.cache/metals/bsp.trace.json[0m
2024.01.14 21:18:43 INFO  no build target found for /home/irodotos/Transactional-Key-Value-Store/servers/src/main/scala/com/example/UserRegistry.scala. Using presentation compiler with project's scala-library version: 3.3.1[0m
2024.01.14 21:18:43 INFO  time: Connected to build server in 1.78s[0m
2024.01.14 21:18:43 INFO  Connected to Build server: Bloop v1.5.13[0m
2024.01.14 21:18:44 INFO  time: indexed workspace in 1s[0m
2024.01.14 21:18:44 INFO  compiling root (4 scala sources)[0m
2024.01.14 21:18:48 INFO  compiling root-test (1 scala source)[0m
2024.01.14 21:18:48 INFO  time: compiled root in 3.29s[0m
2024.01.14 21:18:48 INFO  time: compiled root-test in 0.33s[0m
2024.01.15 00:04:05 INFO  Shutting down server[0m
2024.01.15 00:04:05 INFO  shutting down Metals[0m
2024.01.15 00:04:05 INFO  Shut down connection with build server.[0m
2024.01.15 00:04:05 INFO  Exiting server[0m
2024.01.15 17:57:51 INFO  Started: Metals version 1.2.0 in folders '/home/irodotos/Transactional-Key-Value-Store' for client Visual Studio Code 1.85.1.[0m
2024.01.15 17:57:52 INFO  Attempting to connect to the build server...[0m
2024.01.15 17:57:52 INFO  Bloop uses /usr/lib/jvm/temurin-17-jdk-amd64 defined at /home/irodotos/.bloop/bloop.json[0m
2024.01.15 17:57:52 INFO  skipping build import with status 'Installed'[0m
2024.01.15 17:57:54 INFO  tracing is disabled for protocol BSP, to enable tracing of incoming and outgoing JSON messages create an empty file at /home/irodotos/Transactional-Key-Value-Store/.metals/bsp.trace.json or /home/irodotos/.cache/metals/bsp.trace.json[0m
2024.01.15 17:57:54 INFO  time: Connected to build server in 3.42s[0m
2024.01.15 17:57:54 INFO  Connected to Build server: Bloop v1.5.13[0m
2024.01.15 17:57:55 INFO  time: Imported build in 0.17s[0m
2024.01.15 17:57:56 INFO  no build target found for /home/irodotos/Transactional-Key-Value-Store/servers/src/main/scala/com/example/UserRegistry.scala. Using presentation compiler with project's scala-library version: 3.3.1[0m
2024.01.15 17:57:58 INFO  time: indexed workspace in 2.09s[0m
2024.01.15 17:58:00 INFO  compiling root-test (1 scala source)[0m
2024.01.15 17:58:01 INFO  time: compiled root-test in 1.55s[0m
2024.01.15 22:14:57 INFO  compiling root (2 scala sources)[0m
2024.01.15 22:14:57 INFO  time: compiled root in 0.49s[0m
2024.01.15 22:18:52 INFO  compiling root (2 scala sources)[0m
2024.01.15 22:18:53 INFO  time: compiled root in 1.56s[0m
2024.01.15 23:31:46 INFO  compiling root (2 scala sources)[0m
2024.01.15 23:31:46 INFO  time: compiled root in 0.31s[0m
2024.01.15 23:31:57 INFO  compiling root (2 scala sources)[0m
2024.01.15 23:31:57 INFO  time: compiled root in 45ms[0m
2024.01.15 23:46:50 INFO  compiling root (2 scala sources)[0m
2024.01.15 23:46:50 INFO  time: compiled root in 0.23s[0m
2024.01.16 00:04:23 INFO  compiling root (2 scala sources)[0m
2024.01.16 00:04:23 INFO  time: compiled root in 0.21s[0m
2024.01.16 00:04:31 INFO  Shutting down server[0m
2024.01.16 00:04:31 INFO  shutting down Metals[0m
2024.01.16 00:04:31 INFO  Shut down connection with build server.[0m
2024.01.16 00:04:31 INFO  Exiting server[0m
